[0.388s] Invoking command in '/home/josh/ros2_ws/src/my_py_pkg': PYTHONPATH=/home/josh/ros2_ws/build/my_py_pkg/prefix_override:/home/josh/ros2_ws/install/my_py_pkg/lib/python3.10/site-packages:${PYTHONPATH} /usr/bin/python3 setup.py egg_info --egg-base ../../build/my_py_pkg build --build-base /home/josh/ros2_ws/build/my_py_pkg/build install --record /home/josh/ros2_ws/build/my_py_pkg/install.log --single-version-externally-managed
[0.533s] running egg_info
[0.533s] writing ../../build/my_py_pkg/my_py_pkg.egg-info/PKG-INFO
[0.533s] writing dependency_links to ../../build/my_py_pkg/my_py_pkg.egg-info/dependency_links.txt
[0.533s] writing entry points to ../../build/my_py_pkg/my_py_pkg.egg-info/entry_points.txt
[0.533s] writing requirements to ../../build/my_py_pkg/my_py_pkg.egg-info/requires.txt
[0.534s] writing top-level names to ../../build/my_py_pkg/my_py_pkg.egg-info/top_level.txt
[0.535s] reading manifest file '../../build/my_py_pkg/my_py_pkg.egg-info/SOURCES.txt'
[0.536s] writing manifest file '../../build/my_py_pkg/my_py_pkg.egg-info/SOURCES.txt'
[0.536s] running build
[0.536s] running build_py
[0.536s] running install
[0.536s] running install_lib
[0.537s] running install_data
[0.537s] running install_egg_info
[0.538s] removing '/home/josh/ros2_ws/install/my_py_pkg/lib/python3.10/site-packages/my_py_pkg-0.0.0-py3.10.egg-info' (and everything under it)
[0.538s] Copying ../../build/my_py_pkg/my_py_pkg.egg-info to /home/josh/ros2_ws/install/my_py_pkg/lib/python3.10/site-packages/my_py_pkg-0.0.0-py3.10.egg-info
[0.538s] running install_scripts
[0.553s] writing list of installed files to '/home/josh/ros2_ws/build/my_py_pkg/install.log'
[0.573s] Invoked command in '/home/josh/ros2_ws/src/my_py_pkg' returned '0': PYTHONPATH=/home/josh/ros2_ws/build/my_py_pkg/prefix_override:/home/josh/ros2_ws/install/my_py_pkg/lib/python3.10/site-packages:${PYTHONPATH} /usr/bin/python3 setup.py egg_info --egg-base ../../build/my_py_pkg build --build-base /home/josh/ros2_ws/build/my_py_pkg/build install --record /home/josh/ros2_ws/build/my_py_pkg/install.log --single-version-externally-managed
