[0.369s] Invoking command in '/home/josh/ros2_ws/src/my_py_pkg': PYTHONPATH=/home/josh/ros2_ws/build/my_py_pkg/prefix_override:/home/josh/ros2_ws/install/my_py_pkg/lib/python3.10/site-packages:${PYTHONPATH} /usr/bin/python3 setup.py egg_info --egg-base ../../build/my_py_pkg build --build-base /home/josh/ros2_ws/build/my_py_pkg/build install --record /home/josh/ros2_ws/build/my_py_pkg/install.log --single-version-externally-managed
[0.508s] running egg_info
[0.509s] creating ../../build/my_py_pkg/my_py_pkg.egg-info
[0.509s] writing ../../build/my_py_pkg/my_py_pkg.egg-info/PKG-INFO
[0.509s] writing dependency_links to ../../build/my_py_pkg/my_py_pkg.egg-info/dependency_links.txt
[0.509s] writing entry points to ../../build/my_py_pkg/my_py_pkg.egg-info/entry_points.txt
[0.509s] writing requirements to ../../build/my_py_pkg/my_py_pkg.egg-info/requires.txt
[0.509s] writing top-level names to ../../build/my_py_pkg/my_py_pkg.egg-info/top_level.txt
[0.509s] writing manifest file '../../build/my_py_pkg/my_py_pkg.egg-info/SOURCES.txt'
[0.510s] reading manifest file '../../build/my_py_pkg/my_py_pkg.egg-info/SOURCES.txt'
[0.511s] writing manifest file '../../build/my_py_pkg/my_py_pkg.egg-info/SOURCES.txt'
[0.511s] running build
[0.511s] running build_py
[0.511s] creating /home/josh/ros2_ws/build/my_py_pkg/build
[0.511s] creating /home/josh/ros2_ws/build/my_py_pkg/build/lib
[0.511s] creating /home/josh/ros2_ws/build/my_py_pkg/build/lib/my_py_pkg
[0.511s] copying my_py_pkg/__init__.py -> /home/josh/ros2_ws/build/my_py_pkg/build/lib/my_py_pkg
[0.511s] running install
[0.512s] /usr/lib/python3/dist-packages/setuptools/command/install.py:34: SetuptoolsDeprecationWarning: setup.py install is deprecated. Use build and pip and other standards-based tools.
[0.512s]   warnings.warn(
[0.512s] running install_lib
[0.512s] creating /home/josh/ros2_ws/install/my_py_pkg/lib/python3.10/site-packages/my_py_pkg
[0.512s] copying /home/josh/ros2_ws/build/my_py_pkg/build/lib/my_py_pkg/__init__.py -> /home/josh/ros2_ws/install/my_py_pkg/lib/python3.10/site-packages/my_py_pkg
[0.512s] byte-compiling /home/josh/ros2_ws/install/my_py_pkg/lib/python3.10/site-packages/my_py_pkg/__init__.py to __init__.cpython-310.pyc
[0.512s] running install_data
[0.513s] creating /home/josh/ros2_ws/install/my_py_pkg/share/ament_index
[0.513s] creating /home/josh/ros2_ws/install/my_py_pkg/share/ament_index/resource_index
[0.513s] creating /home/josh/ros2_ws/install/my_py_pkg/share/ament_index/resource_index/packages
[0.513s] copying resource/my_py_pkg -> /home/josh/ros2_ws/install/my_py_pkg/share/ament_index/resource_index/packages
[0.513s] copying package.xml -> /home/josh/ros2_ws/install/my_py_pkg/share/my_py_pkg
[0.513s] running install_egg_info
[0.514s] Copying ../../build/my_py_pkg/my_py_pkg.egg-info to /home/josh/ros2_ws/install/my_py_pkg/lib/python3.10/site-packages/my_py_pkg-0.0.0-py3.10.egg-info
[0.514s] running install_scripts
[0.530s] writing list of installed files to '/home/josh/ros2_ws/build/my_py_pkg/install.log'
[0.554s] Invoked command in '/home/josh/ros2_ws/src/my_py_pkg' returned '0': PYTHONPATH=/home/josh/ros2_ws/build/my_py_pkg/prefix_override:/home/josh/ros2_ws/install/my_py_pkg/lib/python3.10/site-packages:${PYTHONPATH} /usr/bin/python3 setup.py egg_info --egg-base ../../build/my_py_pkg build --build-base /home/josh/ros2_ws/build/my_py_pkg/build install --record /home/josh/ros2_ws/build/my_py_pkg/install.log --single-version-externally-managed
