[0.008s] Invoking command in '/home/josh/ros2_ws/build/my_cpp_pkg': CMAKE_PREFIX_PATH=${CMAKE_PREFIX_PATH}:/home/josh/ros2_ws/install/my_py_pkg:/home/josh/ros2_ws/install/motion_planning:/opt/ros/humble /usr/bin/cmake --build /home/josh/ros2_ws/build/my_cpp_pkg -- -j12 -l12
[0.036s] [35m[1mConsolidate compiler generated dependencies of target cpp_node[0m
[0.045s] [ 50%] [32mBuilding CXX object CMakeFiles/cpp_node.dir/src/my_first_node.cpp.o[0m
[1.803s] [100%] [32m[1mLinking CXX executable cpp_node[0m
[1.872s] [100%] Built target cpp_node
[1.878s] Invoked command in '/home/josh/ros2_ws/build/my_cpp_pkg' returned '0': CMAKE_PREFIX_PATH=${CMAKE_PREFIX_PATH}:/home/josh/ros2_ws/install/my_py_pkg:/home/josh/ros2_ws/install/motion_planning:/opt/ros/humble /usr/bin/cmake --build /home/josh/ros2_ws/build/my_cpp_pkg -- -j12 -l12
[1.897s] Invoking command in '/home/josh/ros2_ws/build/my_cpp_pkg': CMAKE_PREFIX_PATH=${CMAKE_PREFIX_PATH}:/home/josh/ros2_ws/install/my_py_pkg:/home/josh/ros2_ws/install/motion_planning:/opt/ros/humble /usr/bin/cmake --install /home/josh/ros2_ws/build/my_cpp_pkg
[1.902s] -- Install configuration: ""
[1.902s] -- Installing: /home/josh/ros2_ws/install/my_cpp_pkg/lib/my_cpp_pkg/cpp_node
[1.902s] -- Set runtime path of "/home/josh/ros2_ws/install/my_cpp_pkg/lib/my_cpp_pkg/cpp_node" to ""
[1.902s] -- Up-to-date: /home/josh/ros2_ws/install/my_cpp_pkg/share/ament_index/resource_index/package_run_dependencies/my_cpp_pkg
[1.902s] -- Up-to-date: /home/josh/ros2_ws/install/my_cpp_pkg/share/ament_index/resource_index/parent_prefix_path/my_cpp_pkg
[1.902s] -- Up-to-date: /home/josh/ros2_ws/install/my_cpp_pkg/share/my_cpp_pkg/environment/ament_prefix_path.sh
[1.902s] -- Up-to-date: /home/josh/ros2_ws/install/my_cpp_pkg/share/my_cpp_pkg/environment/ament_prefix_path.dsv
[1.902s] -- Up-to-date: /home/josh/ros2_ws/install/my_cpp_pkg/share/my_cpp_pkg/environment/path.sh
[1.902s] -- Up-to-date: /home/josh/ros2_ws/install/my_cpp_pkg/share/my_cpp_pkg/environment/path.dsv
[1.902s] -- Up-to-date: /home/josh/ros2_ws/install/my_cpp_pkg/share/my_cpp_pkg/local_setup.bash
[1.902s] -- Up-to-date: /home/josh/ros2_ws/install/my_cpp_pkg/share/my_cpp_pkg/local_setup.sh
[1.903s] -- Up-to-date: /home/josh/ros2_ws/install/my_cpp_pkg/share/my_cpp_pkg/local_setup.zsh
[1.903s] -- Up-to-date: /home/josh/ros2_ws/install/my_cpp_pkg/share/my_cpp_pkg/local_setup.dsv
[1.903s] -- Installing: /home/josh/ros2_ws/install/my_cpp_pkg/share/my_cpp_pkg/package.dsv
[1.903s] -- Up-to-date: /home/josh/ros2_ws/install/my_cpp_pkg/share/ament_index/resource_index/packages/my_cpp_pkg
[1.903s] -- Up-to-date: /home/josh/ros2_ws/install/my_cpp_pkg/share/my_cpp_pkg/cmake/my_cpp_pkgConfig.cmake
[1.903s] -- Up-to-date: /home/josh/ros2_ws/install/my_cpp_pkg/share/my_cpp_pkg/cmake/my_cpp_pkgConfig-version.cmake
[1.903s] -- Up-to-date: /home/josh/ros2_ws/install/my_cpp_pkg/share/my_cpp_pkg/package.xml
[1.904s] Invoked command in '/home/josh/ros2_ws/build/my_cpp_pkg' returned '0': CMAKE_PREFIX_PATH=${CMAKE_PREFIX_PATH}:/home/josh/ros2_ws/install/my_py_pkg:/home/josh/ros2_ws/install/motion_planning:/opt/ros/humble /usr/bin/cmake --install /home/josh/ros2_ws/build/my_cpp_pkg
