[0.009s] Invoking command in '/home/josh/ros2_ws/build/my_cpp_pkg': CMAKE_PREFIX_PATH=${CMAKE_PREFIX_PATH}:/home/josh/ros2_ws/install/my_py_pkg:/home/josh/ros2_ws/install/motion_planning:/opt/ros/humble /usr/bin/cmake --build /home/josh/ros2_ws/build/my_cpp_pkg -- -j12 -l12
[0.038s] -- Found ament_cmake: 1.3.3 (/opt/ros/humble/share/ament_cmake/cmake)
[0.134s] -- Found rclcpp: 16.0.3 (/opt/ros/humble/share/rclcpp/cmake)
[0.161s] -- Found rosidl_generator_c: 3.1.4 (/opt/ros/humble/share/rosidl_generator_c/cmake)
[0.163s] -- Found rosidl_adapter: 3.1.4 (/opt/ros/humble/share/rosidl_adapter/cmake)
[0.168s] -- Found rosidl_generator_cpp: 3.1.4 (/opt/ros/humble/share/rosidl_generator_cpp/cmake)
[0.176s] -- Using all available rosidl_typesupport_c: rosidl_typesupport_fastrtps_c;rosidl_typesupport_introspection_c
[0.187s] -- Using all available rosidl_typesupport_cpp: rosidl_typesupport_fastrtps_cpp;rosidl_typesupport_introspection_cpp
[0.228s] -- Found rmw_implementation_cmake: 6.1.1 (/opt/ros/humble/share/rmw_implementation_cmake/cmake)
[0.229s] -- Found rmw_fastrtps_cpp: 6.2.2 (/opt/ros/humble/share/rmw_fastrtps_cpp/cmake)
[0.300s] -- Using RMW implementation 'rmw_fastrtps_cpp' as default
[0.436s] -- Configuring done
[0.442s] -- Generating done
[0.442s] -- Build files have been written to: /home/josh/ros2_ws/build/my_cpp_pkg
[0.463s] [ 50%] [32mBuilding CXX object CMakeFiles/cpp_node.dir/src/my_first_node.cpp.o[0m
[2.336s] [100%] [32m[1mLinking CXX executable cpp_node[0m
[2.407s] [100%] Built target cpp_node
[2.414s] Invoked command in '/home/josh/ros2_ws/build/my_cpp_pkg' returned '0': CMAKE_PREFIX_PATH=${CMAKE_PREFIX_PATH}:/home/josh/ros2_ws/install/my_py_pkg:/home/josh/ros2_ws/install/motion_planning:/opt/ros/humble /usr/bin/cmake --build /home/josh/ros2_ws/build/my_cpp_pkg -- -j12 -l12
[2.428s] Invoking command in '/home/josh/ros2_ws/build/my_cpp_pkg': CMAKE_PREFIX_PATH=${CMAKE_PREFIX_PATH}:/home/josh/ros2_ws/install/my_py_pkg:/home/josh/ros2_ws/install/motion_planning:/opt/ros/humble /usr/bin/cmake --install /home/josh/ros2_ws/build/my_cpp_pkg
[2.431s] -- Install configuration: ""
[2.431s] -- Installing: /home/josh/ros2_ws/install/my_cpp_pkg/lib/my_cpp_pkg/cpp_node
[2.431s] -- Set runtime path of "/home/josh/ros2_ws/install/my_cpp_pkg/lib/my_cpp_pkg/cpp_node" to ""
[2.431s] -- Up-to-date: /home/josh/ros2_ws/install/my_cpp_pkg/share/ament_index/resource_index/package_run_dependencies/my_cpp_pkg
[2.432s] -- Installing: /home/josh/ros2_ws/install/my_cpp_pkg/share/ament_index/resource_index/parent_prefix_path/my_cpp_pkg
[2.432s] -- Up-to-date: /home/josh/ros2_ws/install/my_cpp_pkg/share/my_cpp_pkg/environment/ament_prefix_path.sh
[2.432s] -- Installing: /home/josh/ros2_ws/install/my_cpp_pkg/share/my_cpp_pkg/environment/ament_prefix_path.dsv
[2.432s] -- Up-to-date: /home/josh/ros2_ws/install/my_cpp_pkg/share/my_cpp_pkg/environment/path.sh
[2.432s] -- Installing: /home/josh/ros2_ws/install/my_cpp_pkg/share/my_cpp_pkg/environment/path.dsv
[2.432s] -- Up-to-date: /home/josh/ros2_ws/install/my_cpp_pkg/share/my_cpp_pkg/local_setup.bash
[2.432s] -- Up-to-date: /home/josh/ros2_ws/install/my_cpp_pkg/share/my_cpp_pkg/local_setup.sh
[2.432s] -- Up-to-date: /home/josh/ros2_ws/install/my_cpp_pkg/share/my_cpp_pkg/local_setup.zsh
[2.432s] -- Installing: /home/josh/ros2_ws/install/my_cpp_pkg/share/my_cpp_pkg/local_setup.dsv
[2.432s] -- Installing: /home/josh/ros2_ws/install/my_cpp_pkg/share/my_cpp_pkg/package.dsv
[2.432s] -- Up-to-date: /home/josh/ros2_ws/install/my_cpp_pkg/share/ament_index/resource_index/packages/my_cpp_pkg
[2.432s] -- Up-to-date: /home/josh/ros2_ws/install/my_cpp_pkg/share/my_cpp_pkg/cmake/my_cpp_pkgConfig.cmake
[2.432s] -- Up-to-date: /home/josh/ros2_ws/install/my_cpp_pkg/share/my_cpp_pkg/cmake/my_cpp_pkgConfig-version.cmake
[2.432s] -- Up-to-date: /home/josh/ros2_ws/install/my_cpp_pkg/share/my_cpp_pkg/package.xml
[2.434s] Invoked command in '/home/josh/ros2_ws/build/my_cpp_pkg' returned '0': CMAKE_PREFIX_PATH=${CMAKE_PREFIX_PATH}:/home/josh/ros2_ws/install/my_py_pkg:/home/josh/ros2_ws/install/motion_planning:/opt/ros/humble /usr/bin/cmake --install /home/josh/ros2_ws/build/my_cpp_pkg
