[0.013s] Invoking command in '/home/josh/ros2_ws/build/my_cpp_pkg': CMAKE_PREFIX_PATH=/home/josh/ros2_ws/install/my_py_pkg:/opt/ros/humble /usr/bin/cmake /home/josh/ros2_ws/src/my_cpp_pkg -DCMAKE_INSTALL_PREFIX=/home/josh/ros2_ws/install/my_cpp_pkg
[0.062s] -- The C compiler identification is GNU 11.3.0
[0.101s] -- The CXX compiler identification is GNU 11.3.0
[0.106s] -- Detecting C compiler ABI info
[0.148s] -- Detecting C compiler ABI info - done
[0.153s] -- Check for working C compiler: /usr/bin/cc - skipped
[0.153s] -- Detecting C compile features
[0.154s] -- Detecting C compile features - done
[0.156s] -- Detecting CXX compiler ABI info
[0.204s] -- Detecting CXX compiler ABI info - done
[0.213s] -- Check for working CXX compiler: /usr/bin/c++ - skipped
[0.214s] -- Detecting CXX compile features
[0.214s] -- Detecting CXX compile features - done
[0.216s] -- Found ament_cmake: 1.3.3 (/opt/ros/humble/share/ament_cmake/cmake)
[0.334s] -- Found Python3: /usr/bin/python3.10 (found version "3.10.6") found components: Interpreter 
[0.395s] -- Found rclcpp: 16.0.3 (/opt/ros/humble/share/rclcpp/cmake)
[0.421s] -- Found rosidl_generator_c: 3.1.4 (/opt/ros/humble/share/rosidl_generator_c/cmake)
[0.424s] -- Found rosidl_adapter: 3.1.4 (/opt/ros/humble/share/rosidl_adapter/cmake)
[0.430s] -- Found rosidl_generator_cpp: 3.1.4 (/opt/ros/humble/share/rosidl_generator_cpp/cmake)
[0.439s] -- Using all available rosidl_typesupport_c: rosidl_typesupport_fastrtps_c;rosidl_typesupport_introspection_c
[0.451s] -- Using all available rosidl_typesupport_cpp: rosidl_typesupport_fastrtps_cpp;rosidl_typesupport_introspection_cpp
[0.495s] -- Found rmw_implementation_cmake: 6.1.1 (/opt/ros/humble/share/rmw_implementation_cmake/cmake)
[0.496s] -- Found rmw_fastrtps_cpp: 6.2.2 (/opt/ros/humble/share/rmw_fastrtps_cpp/cmake)
[0.567s] -- Found OpenSSL: /usr/lib/x86_64-linux-gnu/libcrypto.so (found version "3.0.2")  
[0.585s] -- Found FastRTPS: /opt/ros/humble/include  
[0.613s] -- Using RMW implementation 'rmw_fastrtps_cpp' as default
[0.618s] -- Looking for pthread.h
[0.665s] -- Looking for pthread.h - found
[0.665s] -- Performing Test CMAKE_HAVE_LIBC_PTHREAD
[0.711s] -- Performing Test CMAKE_HAVE_LIBC_PTHREAD - Success
[0.712s] -- Found Threads: TRUE  
[0.817s] -- Found ament_lint_auto: 0.12.5 (/opt/ros/humble/share/ament_lint_auto/cmake)
[0.873s] -- Added test 'lint_cmake' to check CMake code style
[0.874s] -- Added test 'xmllint' to check XML markup files
[0.875s] -- Configuring done
[0.877s] -- Generating done
[0.878s] -- Build files have been written to: /home/josh/ros2_ws/build/my_cpp_pkg
[0.886s] Invoked command in '/home/josh/ros2_ws/build/my_cpp_pkg' returned '0': CMAKE_PREFIX_PATH=/home/josh/ros2_ws/install/my_py_pkg:/opt/ros/humble /usr/bin/cmake /home/josh/ros2_ws/src/my_cpp_pkg -DCMAKE_INSTALL_PREFIX=/home/josh/ros2_ws/install/my_cpp_pkg
[0.886s] Invoking command in '/home/josh/ros2_ws/build/my_cpp_pkg': CMAKE_PREFIX_PATH=/home/josh/ros2_ws/install/my_py_pkg:/opt/ros/humble /usr/bin/cmake --build /home/josh/ros2_ws/build/my_cpp_pkg -- -j12 -l12
[0.913s] Invoked command in '/home/josh/ros2_ws/build/my_cpp_pkg' returned '0': CMAKE_PREFIX_PATH=/home/josh/ros2_ws/install/my_py_pkg:/opt/ros/humble /usr/bin/cmake --build /home/josh/ros2_ws/build/my_cpp_pkg -- -j12 -l12
[0.930s] Invoking command in '/home/josh/ros2_ws/build/my_cpp_pkg': CMAKE_PREFIX_PATH=/home/josh/ros2_ws/install/my_py_pkg:/opt/ros/humble /usr/bin/cmake --install /home/josh/ros2_ws/build/my_cpp_pkg
[0.935s] -- Install configuration: ""
[0.935s] -- Installing: /home/josh/ros2_ws/install/my_cpp_pkg/share/ament_index/resource_index/package_run_dependencies/my_cpp_pkg
[0.935s] -- Installing: /home/josh/ros2_ws/install/my_cpp_pkg/share/ament_index/resource_index/parent_prefix_path/my_cpp_pkg
[0.935s] -- Installing: /home/josh/ros2_ws/install/my_cpp_pkg/share/my_cpp_pkg/environment/ament_prefix_path.sh
[0.935s] -- Installing: /home/josh/ros2_ws/install/my_cpp_pkg/share/my_cpp_pkg/environment/ament_prefix_path.dsv
[0.935s] -- Installing: /home/josh/ros2_ws/install/my_cpp_pkg/share/my_cpp_pkg/environment/path.sh
[0.935s] -- Installing: /home/josh/ros2_ws/install/my_cpp_pkg/share/my_cpp_pkg/environment/path.dsv
[0.935s] -- Installing: /home/josh/ros2_ws/install/my_cpp_pkg/share/my_cpp_pkg/local_setup.bash
[0.936s] -- Installing: /home/josh/ros2_ws/install/my_cpp_pkg/share/my_cpp_pkg/local_setup.sh
[0.936s] -- Installing: /home/josh/ros2_ws/install/my_cpp_pkg/share/my_cpp_pkg/local_setup.zsh
[0.936s] -- Installing: /home/josh/ros2_ws/install/my_cpp_pkg/share/my_cpp_pkg/local_setup.dsv
[0.936s] -- Installing: /home/josh/ros2_ws/install/my_cpp_pkg/share/my_cpp_pkg/package.dsv
[0.936s] -- Installing: /home/josh/ros2_ws/install/my_cpp_pkg/share/ament_index/resource_index/packages/my_cpp_pkg
[0.936s] -- Installing: /home/josh/ros2_ws/install/my_cpp_pkg/share/my_cpp_pkg/cmake/my_cpp_pkgConfig.cmake
[0.936s] -- Installing: /home/josh/ros2_ws/install/my_cpp_pkg/share/my_cpp_pkg/cmake/my_cpp_pkgConfig-version.cmake
[0.936s] -- Installing: /home/josh/ros2_ws/install/my_cpp_pkg/share/my_cpp_pkg/package.xml
[0.938s] Invoked command in '/home/josh/ros2_ws/build/my_cpp_pkg' returned '0': CMAKE_PREFIX_PATH=/home/josh/ros2_ws/install/my_py_pkg:/opt/ros/humble /usr/bin/cmake --install /home/josh/ros2_ws/build/my_cpp_pkg
