[0.373s] Invoking command in '/home/josh/ros2_ws/src/my_py_pkg': PYTHONPATH=/home/josh/ros2_ws/build/my_py_pkg/prefix_override:/home/josh/ros2_ws/install/my_py_pkg/lib/python3.10/site-packages:${PYTHONPATH} /usr/bin/python3 setup.py egg_info --egg-base ../../build/my_py_pkg build --build-base /home/josh/ros2_ws/build/my_py_pkg/build install --record /home/josh/ros2_ws/build/my_py_pkg/install.log --single-version-externally-managed
[0.511s] running egg_info
[0.511s] writing ../../build/my_py_pkg/my_py_pkg.egg-info/PKG-INFO
[0.511s] writing dependency_links to ../../build/my_py_pkg/my_py_pkg.egg-info/dependency_links.txt
[0.511s] writing entry points to ../../build/my_py_pkg/my_py_pkg.egg-info/entry_points.txt
[0.512s] writing requirements to ../../build/my_py_pkg/my_py_pkg.egg-info/requires.txt
[0.512s] writing top-level names to ../../build/my_py_pkg/my_py_pkg.egg-info/top_level.txt
[0.513s] reading manifest file '../../build/my_py_pkg/my_py_pkg.egg-info/SOURCES.txt'
[0.513s] writing manifest file '../../build/my_py_pkg/my_py_pkg.egg-info/SOURCES.txt'
[0.513s] running build
[0.513s] running build_py
[0.513s] copying my_py_pkg/my_first_node.py -> /home/josh/ros2_ws/build/my_py_pkg/build/lib/my_py_pkg
[0.513s] running install
[0.514s] running install_lib
[0.514s] copying /home/josh/ros2_ws/build/my_py_pkg/build/lib/my_py_pkg/my_first_node.py -> /home/josh/ros2_ws/install/my_py_pkg/lib/python3.10/site-packages/my_py_pkg
[0.514s] byte-compiling /home/josh/ros2_ws/install/my_py_pkg/lib/python3.10/site-packages/my_py_pkg/my_first_node.py to my_first_node.cpython-310.pyc
[0.514s] running install_data
[0.515s] running install_egg_info
[0.515s] removing '/home/josh/ros2_ws/install/my_py_pkg/lib/python3.10/site-packages/my_py_pkg-0.0.0-py3.10.egg-info' (and everything under it)
[0.516s] Copying ../../build/my_py_pkg/my_py_pkg.egg-info to /home/josh/ros2_ws/install/my_py_pkg/lib/python3.10/site-packages/my_py_pkg-0.0.0-py3.10.egg-info
[0.516s] running install_scripts
[0.528s] Installing py_node script to /home/josh/ros2_ws/install/my_py_pkg/lib/my_py_pkg
[0.528s] writing list of installed files to '/home/josh/ros2_ws/build/my_py_pkg/install.log'
[0.547s] Invoked command in '/home/josh/ros2_ws/src/my_py_pkg' returned '0': PYTHONPATH=/home/josh/ros2_ws/build/my_py_pkg/prefix_override:/home/josh/ros2_ws/install/my_py_pkg/lib/python3.10/site-packages:${PYTHONPATH} /usr/bin/python3 setup.py egg_info --egg-base ../../build/my_py_pkg build --build-base /home/josh/ros2_ws/build/my_py_pkg/build install --record /home/josh/ros2_ws/build/my_py_pkg/install.log --single-version-externally-managed
