[0.382s] Invoking command in '/home/josh/ros2_ws/src/my_py_pkg': PYTHONPATH=/home/josh/ros2_ws/build/my_py_pkg/prefix_override:/home/josh/ros2_ws/install/my_py_pkg/lib/python3.10/site-packages:${PYTHONPATH} /usr/bin/python3 setup.py egg_info --egg-base ../../build/my_py_pkg build --build-base /home/josh/ros2_ws/build/my_py_pkg/build install --record /home/josh/ros2_ws/build/my_py_pkg/install.log --single-version-externally-managed
[0.525s] running egg_info
[0.525s] writing ../../build/my_py_pkg/my_py_pkg.egg-info/PKG-INFO
[0.525s] writing dependency_links to ../../build/my_py_pkg/my_py_pkg.egg-info/dependency_links.txt
[0.525s] writing entry points to ../../build/my_py_pkg/my_py_pkg.egg-info/entry_points.txt
[0.525s] writing requirements to ../../build/my_py_pkg/my_py_pkg.egg-info/requires.txt
[0.525s] writing top-level names to ../../build/my_py_pkg/my_py_pkg.egg-info/top_level.txt
[0.526s] reading manifest file '../../build/my_py_pkg/my_py_pkg.egg-info/SOURCES.txt'
[0.527s] writing manifest file '../../build/my_py_pkg/my_py_pkg.egg-info/SOURCES.txt'
[0.527s] running build
[0.527s] running build_py
[0.527s] copying my_py_pkg/my_first_node.py -> /home/josh/ros2_ws/build/my_py_pkg/build/lib/my_py_pkg
[0.527s] running install
[0.527s] running install_lib
[0.527s] copying /home/josh/ros2_ws/build/my_py_pkg/build/lib/my_py_pkg/my_first_node.py -> /home/josh/ros2_ws/install/my_py_pkg/lib/python3.10/site-packages/my_py_pkg
[0.528s] byte-compiling /home/josh/ros2_ws/install/my_py_pkg/lib/python3.10/site-packages/my_py_pkg/my_first_node.py to my_first_node.cpython-310.pyc
[0.528s] running install_data
[0.529s] running install_egg_info
[0.530s] removing '/home/josh/ros2_ws/install/my_py_pkg/lib/python3.10/site-packages/my_py_pkg-0.0.0-py3.10.egg-info' (and everything under it)
[0.530s] Copying ../../build/my_py_pkg/my_py_pkg.egg-info to /home/josh/ros2_ws/install/my_py_pkg/lib/python3.10/site-packages/my_py_pkg-0.0.0-py3.10.egg-info
[0.530s] running install_scripts
[0.543s] Installing py_node script to /home/josh/ros2_ws/install/my_py_pkg/lib/my_py_pkg
[0.543s] writing list of installed files to '/home/josh/ros2_ws/build/my_py_pkg/install.log'
[0.560s] Invoked command in '/home/josh/ros2_ws/src/my_py_pkg' returned '0': PYTHONPATH=/home/josh/ros2_ws/build/my_py_pkg/prefix_override:/home/josh/ros2_ws/install/my_py_pkg/lib/python3.10/site-packages:${PYTHONPATH} /usr/bin/python3 setup.py egg_info --egg-base ../../build/my_py_pkg build --build-base /home/josh/ros2_ws/build/my_py_pkg/build install --record /home/josh/ros2_ws/build/my_py_pkg/install.log --single-version-externally-managed
